<<<<<<< HEAD
This is pdfTeX, Version 3.1415926-2.5-1.40.14 (TeX Live 2013) (format=pdflatex 2013.8.15)  5 DEC 2013 16:47
entering extended mode
 restricted \write18 enabled.
 %&-line parsing enabled.
**main.tex
(./main.tex
LaTeX2e <2011/06/27>
Babel <3.9f> and hyphenation patterns for 78 languages loaded.
(./upcthesis.cls

LaTeX Warning: You have requested document class `upcthesis',
               but the document class provides `mitthesis'.

Document Class: mitthesis 1999/10/20
\vithesis=\count79
Intentionally Leaving Pages Blank
(/usr/local/texlive/2013/texmf-dist/tex/latex/base/report.cls
Document Class: report 2007/10/19 v1.4h Standard LaTeX document class
(/usr/local/texlive/2013/texmf-dist/tex/latex/base/size12.clo
=======
This is pdfTeX, Version 3.1415926-2.4-1.40.13 (MiKTeX 2.9) (preloaded format=pdflatex 2013.12.6)  6 DEC 2013 12:13
entering extended mode
**main.tex
(C:\Users\Judit\Documents\thesis\main.tex
LaTeX2e <2011/06/27>
Babel <v3.8m> and hyphenation patterns for english, afrikaans, ancientgreek, ar
abic, armenian, assamese, basque, bengali, bokmal, bulgarian, catalan, coptic, 
croatian, czech, danish, dutch, esperanto, estonian, farsi, finnish, french, ga
lician, german, german-x-2012-05-30, greek, gujarati, hindi, hungarian, iceland
ic, indonesian, interlingua, irish, italian, kannada, kurmanji, latin, latvian,
 lithuanian, malayalam, marathi, mongolian, mongolianlmc, monogreek, ngerman, n
german-x-2012-05-30, nynorsk, oriya, panjabi, pinyin, polish, portuguese, roman
ian, russian, sanskrit, serbian, slovak, slovenian, spanish, swedish, swissgerm
an, tamil, telugu, turkish, turkmen, ukenglish, ukrainian, uppersorbian, usengl
ishmax, welsh, loaded.
(C:\Users\Judit\Documents\thesis\mitthesis.cls
Document Class: mitthesis 1999/10/20
\vithesis=\count79
("C:\Program Files (x86)\MiKTeX 2.9\tex\latex\base\report.cls"
Document Class: report 2007/10/19 v1.4h Standard LaTeX document class
("C:\Program Files (x86)\MiKTeX 2.9\tex\latex\base\size12.clo"
>>>>>>> origin/requirements
File: size12.clo 2007/10/19 v1.4h Standard LaTeX file (size option)
)
\c@part=\count80
\c@chapter=\count81
\c@section=\count82
\c@subsection=\count83
\c@subsubsection=\count84
\c@paragraph=\count85
\c@subparagraph=\count86
\c@figure=\count87
\c@table=\count88
\abovecaptionskip=\skip41
\belowcaptionskip=\skip42
\bibindent=\dimen102
)
<<<<<<< HEAD
(/usr/local/texlive/2013/texmf-dist/tex/latex/setspace/setspace.sty
=======
("C:\Program Files (x86)\MiKTeX 2.9\tex\latex\setspace\setspace.sty"
>>>>>>> origin/requirements
Package: setspace 2011/12/19 v6.7a set line spacing
)
Thesis document copyright MIT unless otherwise (manually) specified
\@titlesupervisor=\box26
\@abstractsupervisor=\box27
\c@savepage=\count89
<<<<<<< HEAD
) (./lgrind.sty
=======
) (C:\Users\Judit\Documents\thesis\lgrind.sty
>>>>>>> origin/requirements
Package: lgrind 1997/01/30 v3.4 LGrind environment and supporting stuff
\lc@unt=\count90
\ln@xt=\count91
\LGnuminterval=\count92
\LGindent=\skip43
\LGsloppy=\skip44
\procbox=\box28
\ls@far=\box29
\tb@x=\box30
\TBw@d=\dimen103
\@ts=\dimen104
<<<<<<< HEAD
) (./main.aux (./cover.aux) (./contents.aux) (./chap1.aux)
(./chap2.aux) (./appa.aux) (./appb.aux) (./biblio.aux))
\openout1 = `main.aux'.

=======
)
(C:\Users\Judit\Documents\thesis\main.aux
(C:\Users\Judit\Documents\thesis\cover.aux)
(C:\Users\Judit\Documents\thesis\contents.aux)
(C:\Users\Judit\Documents\thesis\chap1.aux)
(C:\Users\Judit\Documents\thesis\chap2.aux)
(C:\Users\Judit\Documents\thesis\appa.aux)
(C:\Users\Judit\Documents\thesis\appb.aux)
(C:\Users\Judit\Documents\thesis\biblio.aux))
>>>>>>> origin/requirements
LaTeX Font Info:    Checking defaults for OML/cmm/m/it on input line 41.
LaTeX Font Info:    ... okay on input line 41.
LaTeX Font Info:    Checking defaults for T1/cmr/m/n on input line 41.
LaTeX Font Info:    ... okay on input line 41.
LaTeX Font Info:    Checking defaults for OT1/cmr/m/n on input line 41.
LaTeX Font Info:    ... okay on input line 41.
LaTeX Font Info:    Checking defaults for OMS/cmsy/m/n on input line 41.
LaTeX Font Info:    ... okay on input line 41.
LaTeX Font Info:    Checking defaults for OMX/cmex/m/n on input line 41.
LaTeX Font Info:    ... okay on input line 41.
LaTeX Font Info:    Checking defaults for U/cmr/m/n on input line 41.
LaTeX Font Info:    ... okay on input line 41.
<<<<<<< HEAD
\openout2 = `cover.aux'.

 (./cover.tex [1



{/usr/local/texlive/2013/texmf-var/fonts/map/pdftex/updmap/pdftex.map}] [2

]
(./abstract.tex) [3
=======

(C:\Users\Judit\Documents\thesis\cover.tex
LaTeX Font Info:    Try loading font information for OMS+cmr on input line 91.

("C:\Program Files (x86)\MiKTeX 2.9\tex\latex\base\omscmr.fd"
File: omscmr.fd 1999/05/25 v2.5h Standard LaTeX font definitions
)
LaTeX Font Info:    Font shape `OMS/cmr/m/n' in size <14.4> not available
(Font)              Font shape `OMS/cmsy/m/n' tried instead on input line 91.
 [1



{C:/ProgramData/MiKTeX/2.9/pdftex/config/pdftex.map}] [2

]
(C:\Users\Judit\Documents\thesis\abstract.tex) [3
>>>>>>> origin/requirements

] [4

]) [5]
<<<<<<< HEAD
\openout2 = `contents.aux'.

 (./contents.tex [6



] (./main.toc
=======
(C:\Users\Judit\Documents\thesis\contents.tex [6



]
(C:\Users\Judit\Documents\thesis\main.toc
>>>>>>> origin/requirements
LaTeX Font Info:    External font `cmex10' loaded for size
(Font)              <12> on input line 2.
LaTeX Font Info:    External font `cmex10' loaded for size
(Font)              <8> on input line 2.
LaTeX Font Info:    External font `cmex10' loaded for size
(Font)              <6> on input line 2.
)
\tf@toc=\write3
<<<<<<< HEAD
\openout3 = `main.toc'.

 [7] [8

]
(./main.lof)
\tf@lof=\write4
\openout4 = `main.lof'.

 [9] [10

] (./main.lot)
\tf@lot=\write5
\openout5 = `main.lot'.

) [11]
\openout2 = `chap1.aux'.

 (./chap1.tex [12
=======
 [7] [8

]
(C:\Users\Judit\Documents\thesis\main.lof)
\tf@lof=\write4
 [9] [10

]
(C:\Users\Judit\Documents\thesis\main.lot)
\tf@lot=\write5
) [11]
(C:\Users\Judit\Documents\thesis\chap1.tex [12
>>>>>>> origin/requirements



]
Chapter 1.
<<<<<<< HEAD
Missing character: There is no â in font cmr12!
Missing character: There is no € in font cmr12!
Missing character: There is no ‰ in font cmr12!
Missing character: There is no Â in font cmr12!
Missing character: There is no © in font cmr12!

Underfull \vbox (badness 8132) has occurred while \output is active []

 [13]
[14]) [15]
\openout2 = `chap2.aux'.


No file chap2.tex.
\openout2 = `appa.aux'.

(./appa.tex [16
=======

LaTeX Warning: Citation `patterson:risc' on page 13 undefined on input line 32.



LaTeX Warning: Citation `rad83' on page 13 undefined on input line 32.


LaTeX Warning: Citation `ellis:bulldog' on page 13 undefined on input line 40.


LaTeX Warning: Citation `pet87' on page 13 undefined on input line 40.


LaTeX Warning: Citation `coutant:precision-compilers' on page 13 undefined on i
nput line 40.


LaTeX Warning: Citation `gib86' on page 13 undefined on input line 44.

[13]
LaTeX Font Info:    External font `cmex10' loaded for size
(Font)              <7> on input line 76.
LaTeX Font Info:    External font `cmex10' loaded for size
(Font)              <5> on input line 76.


LaTeX Warning: Reference `exponent-format' on page 14 undefined on input line 7
6.


LaTeX Warning: Reference `mantissa-format' on page 14 undefined on input line 7
6.


LaTeX Warning: Reference `unnorm-math' on page 14 undefined on input line 77.

[14]

LaTeX Warning: Citation `thornton:cdc6600' on page 15 undefined on input line 9
2.

[15]

LaTeX Warning: Reference `opt:be' on page 16 undefined on input line 131.


LaTeX Warning: Reference `range-tracking' on page 16 undefined on input line 16
0.

[16]
Underfull \vbox (badness 1389) has occurred while \output is active []

 [17]

LaTeX Warning: Citation `magenheimer:precision' on page 18 undefined on input l
ine 204.


LaTeX Warning: Citation `byte:i860' on page 18 undefined on input line 214.


LaTeX Warning: Citation `ellis:bulldog' on page 18 undefined on input line 227.



LaTeX Warning: Citation `colwell:vliw' on page 18 undefined on input line 227.

[18]

LaTeX Warning: Citation `gib86' on page 19 undefined on input line 248.

) [19]
No file chap2.tex.
(C:\Users\Judit\Documents\thesis\appa.tex [20
>>>>>>> origin/requirements





]
Appendix A.
<<<<<<< HEAD
[17])
\openout2 = `appb.aux'.

 (./appb.tex [18
=======
[21]) (C:\Users\Judit\Documents\thesis\appb.tex [22
>>>>>>> origin/requirements




]
Appendix B.
<<<<<<< HEAD
[19] [20] [21])
\openout2 = `biblio.aux'.

 (./biblio.tex
No file main.bbl.
) (./main.aux (./cover.aux) (./contents.aux) (./chap1.aux) (./chap2.aux)
(./appa.aux) (./appb.aux) (./biblio.aux)) ) 
Here is how much of TeX's memory you used:
 516 strings out of 493315
 5478 string characters out of 6137904
 58310 words of memory out of 5000000
 3972 multiletter control sequences out of 15000+600000
 9453 words of font info for 33 fonts, out of 8000000 for 9000
 957 hyphenation exceptions out of 8191
 28i,7n,21p,833b,243s stack positions out of 5000i,500n,10000p,200000b,80000s
</usr/local/texlive/2013/texmf-dist/
fonts/type1/public/amsfonts/cm/cmbx12.pfb></usr/local/texlive/2013/texmf-dist/f
onts/type1/public/amsfonts/cm/cmcsc10.pfb></usr/local/texlive/2013/texmf-dist/f
onts/type1/public/amsfonts/cm/cmr12.pfb></usr/local/texlive/2013/texmf-dist/fon
ts/type1/public/amsfonts/cm/cmr17.pfb></usr/local/texlive/2013/texmf-dist/fonts
/type1/public/amsfonts/cm/cmsl12.pfb>
Output written on main.pdf (21 pages, 77406 bytes).
PDF statistics:
 92 PDF objects out of 1000 (max. 8388607)
 63 compressed objects within 1 object stream
=======
[23] [24]) (C:\Users\Judit\Documents\thesis\biblio.tex
No file main.bbl.
) (C:\Users\Judit\Documents\thesis\main.aux
(C:\Users\Judit\Documents\thesis\cover.aux)
(C:\Users\Judit\Documents\thesis\contents.aux)
(C:\Users\Judit\Documents\thesis\chap1.aux)
(C:\Users\Judit\Documents\thesis\chap2.aux)
(C:\Users\Judit\Documents\thesis\appa.aux)
(C:\Users\Judit\Documents\thesis\appb.aux)
(C:\Users\Judit\Documents\thesis\biblio.aux))

LaTeX Warning: There were undefined references.

 ) 
Here is how much of TeX's memory you used:
 556 strings out of 493921
 7874 string characters out of 3144876
 56219 words of memory out of 3000000
 3849 multiletter control sequences out of 15000+200000
 9880 words of font info for 35 fonts, out of 3000000 for 9000
 841 hyphenation exceptions out of 8191
 28i,8n,23p,166b,243s stack positions out of 5000i,500n,10000p,200000b,50000s
<C:/Program Files (x86)/MiKTeX 2.9/fonts/type1/public/amsfonts/cm/cmbx10.pfb>
<C:/Program Files (x86)/MiKTeX 2.9/fonts/type1/public/amsfonts/cm/cmbx12.pfb><C
:/Program Files (x86)/MiKTeX 2.9/fonts/type1/public/amsfonts/cm/cmmi10.pfb><C:/
Program Files (x86)/MiKTeX 2.9/fonts/type1/public/amsfonts/cm/cmmi12.pfb><C:/Pr
ogram Files (x86)/MiKTeX 2.9/fonts/type1/public/amsfonts/cm/cmmi8.pfb><C:/Progr
am Files (x86)/MiKTeX 2.9/fonts/type1/public/amsfonts/cm/cmr10.pfb><C:/Program 
Files (x86)/MiKTeX 2.9/fonts/type1/public/amsfonts/cm/cmr12.pfb><C:/Program Fil
es (x86)/MiKTeX 2.9/fonts/type1/public/amsfonts/cm/cmr17.pfb><C:/Program Files 
(x86)/MiKTeX 2.9/fonts/type1/public/amsfonts/cm/cmr7.pfb><C:/Program Files (x86
)/MiKTeX 2.9/fonts/type1/public/amsfonts/cm/cmr8.pfb><C:/Program Files (x86)/Mi
KTeX 2.9/fonts/type1/public/amsfonts/cm/cmsy10.pfb><C:/Program Files (x86)/MiKT
eX 2.9/fonts/type1/public/amsfonts/cm/cmti12.pfb><C:/Program Files (x86)/MiKTeX
 2.9/fonts/type1/public/amsfonts/cm/cmtt10.pfb>
Output written on main.pdf (24 pages, 174114 bytes).
PDF statistics:
 131 PDF objects out of 1000 (max. 8388607)
>>>>>>> origin/requirements
 0 named destinations out of 1000 (max. 500000)
 1 words of extra memory for PDF output out of 10000 (max. 10000000)

